This is pdfTeX, Version 3.14159265-2.6-1.40.16 (MiKTeX 2.9 64-bit) (preloaded format=pdflatex 2016.5.9)  9 JUN 2017 19:44
entering extended mode
**./homebook.tex
(homebook.tex
LaTeX2e <2015/10/01> patch level 2
Babel <3.9n> and hyphenation patterns for 69 languages loaded.
("C:\Program Files\MiKTeX 2.9\tex\latex\base\book.cls"
Document Class: book 2014/09/29 v1.4h Standard LaTeX document class
("C:\Program Files\MiKTeX 2.9\tex\latex\base\bk12.clo"
File: bk12.clo 2014/09/29 v1.4h Standard LaTeX file (size option)
)
\c@part=\count79
\c@chapter=\count80
\c@section=\count81
\c@subsection=\count82
\c@subsubsection=\count83
\c@paragraph=\count84
\c@subparagraph=\count85
\c@figure=\count86
\c@table=\count87
\abovecaptionskip=\skip41
\belowcaptionskip=\skip42
\bibindent=\dimen102
)
("C:\Program Files\MiKTeX 2.9\tex\generic\babel\babel.sty"
Package: babel 2016/01/08 3.9n The Babel package

*************************************
* Local config file bblopts.cfg used
*
("C:\Program Files\MiKTeX 2.9\tex\latex\00miktex\bblopts.cfg"
File: bblopts.cfg 2006/07/31 v1.0 MiKTeX 'babel' configuration
)
("C:\Program Files\MiKTeX 2.9\tex\latex\babel-english\english.ldf"
Language: english 2012/08/20 v3.3p English support from the babel system

("C:\Program Files\MiKTeX 2.9\tex\generic\babel\babel.def"
File: babel.def 2016/01/08 3.9n Babel common definitions
\babel@savecnt=\count88
\U@D=\dimen103
)
\l@canadian = a dialect from \language\l@american 
\l@australian = a dialect from \language\l@british 
\l@newzealand = a dialect from \language\l@british 
))
(C:\Users\Gina\AppData\Roaming\MiKTeX\2.9\tex\latex\fancyhdr\fancyhdr.sty
\fancy@headwidth=\skip43
\f@ncyO@elh=\skip44
\f@ncyO@erh=\skip45
\f@ncyO@olh=\skip46
\f@ncyO@orh=\skip47
\f@ncyO@elf=\skip48
\f@ncyO@erf=\skip49
\f@ncyO@olf=\skip50
\f@ncyO@orf=\skip51
)
("C:\Program Files\MiKTeX 2.9\tex\latex\base\makeidx.sty"
Package: makeidx 2014/09/29 v1.0m Standard LaTeX package
)
(C:\Users\Gina\AppData\Roaming\MiKTeX\2.9\tex\latex\titlesec\titlesec.sty
Package: titlesec 2016/03/21 v2.10.2 Sectioning titles
\ttl@box=\box26
\beforetitleunit=\skip52
\aftertitleunit=\skip53
\ttl@plus=\dimen104
\ttl@minus=\dimen105
\ttl@toksa=\toks14
\titlewidth=\dimen106
\titlewidthlast=\dimen107
\titlewidthfirst=\dimen108
)
(C:\Users\Gina\AppData\Roaming\MiKTeX\2.9\tex\latex\listings\listings.sty
("C:\Program Files\MiKTeX 2.9\tex\latex\graphics\keyval.sty"
Package: keyval 2014/10/28 v1.15 key=value parser (DPC)
\KV@toks@=\toks15
)
\lst@mode=\count89
\lst@gtempboxa=\box27
\lst@token=\toks16
\lst@length=\count90
\lst@currlwidth=\dimen109
\lst@column=\count91
\lst@pos=\count92
\lst@lostspace=\dimen110
\lst@width=\dimen111
\lst@newlines=\count93
\lst@lineno=\count94
\lst@maxwidth=\dimen112

(C:\Users\Gina\AppData\Roaming\MiKTeX\2.9\tex\latex\listings\lstmisc.sty
File: lstmisc.sty 2015/06/04 1.6 (Carsten Heinz)
\c@lstnumber=\count95
\lst@skipnumbers=\count96
\lst@framebox=\box28
)
(C:\Users\Gina\AppData\Roaming\MiKTeX\2.9\tex\latex\listings\listings.cfg
File: listings.cfg 2015/06/04 1.6 listings configuration
))
Package: listings 2015/06/04 1.6 (Carsten Heinz)

(C:\Users\Gina\AppData\Roaming\MiKTeX\2.9\tex\latex\booktabs\booktabs.sty
Package: booktabs 2005/04/14 v1.61803 publication quality tables
\heavyrulewidth=\dimen113
\lightrulewidth=\dimen114
\cmidrulewidth=\dimen115
\belowrulesep=\dimen116
\belowbottomsep=\dimen117
\aboverulesep=\dimen118
\abovetopsep=\dimen119
\cmidrulesep=\dimen120
\cmidrulekern=\dimen121
\defaultaddspace=\dimen122
\@cmidla=\count97
\@cmidlb=\count98
\@aboverulesep=\dimen123
\@belowrulesep=\dimen124
\@thisruleclass=\count99
\@lastruleclass=\count100
\@thisrulewidth=\dimen125
)
("C:\Program Files\MiKTeX 2.9\tex\latex\graphics\graphicx.sty"
Package: graphicx 2014/10/28 v1.0g Enhanced LaTeX Graphics (DPC,SPQR)

("C:\Program Files\MiKTeX 2.9\tex\latex\graphics\graphics.sty"
Package: graphics 2014/10/28 v1.0p Standard LaTeX Graphics (DPC,SPQR)

("C:\Program Files\MiKTeX 2.9\tex\latex\graphics\trig.sty"
Package: trig 1999/03/16 v1.09 sin cos tan (DPC)
)
("C:\Program Files\MiKTeX 2.9\tex\latex\00miktex\graphics.cfg"
File: graphics.cfg 2007/01/18 v1.5 graphics configuration of teTeX/TeXLive
)
Package graphics Info: Driver file: pdftex.def on input line 94.

("C:\Program Files\MiKTeX 2.9\tex\latex\pdftex-def\pdftex.def"
File: pdftex.def 2011/05/27 v0.06d Graphics/color for pdfTeX

("C:\Program Files\MiKTeX 2.9\tex\generic\oberdiek\infwarerr.sty"
Package: infwarerr 2010/04/08 v1.3 Providing info/warning/error messages (HO)
)
("C:\Program Files\MiKTeX 2.9\tex\generic\oberdiek\ltxcmds.sty"
Package: ltxcmds 2011/11/09 v1.22 LaTeX kernel commands for general use (HO)
)
\Gread@gobject=\count101
))
\Gin@req@height=\dimen126
\Gin@req@width=\dimen127
)
("C:\Program Files\MiKTeX 2.9\tex\latex\amsmath\amsmath.sty"
Package: amsmath 2013/01/14 v2.14 AMS math features
\@mathmargin=\skip54

For additional information on amsmath, use the `?' option.
("C:\Program Files\MiKTeX 2.9\tex\latex\amsmath\amstext.sty"
Package: amstext 2000/06/29 v2.01

("C:\Program Files\MiKTeX 2.9\tex\latex\amsmath\amsgen.sty"
File: amsgen.sty 1999/11/30 v2.0
\@emptytoks=\toks17
\ex@=\dimen128
))
("C:\Program Files\MiKTeX 2.9\tex\latex\amsmath\amsbsy.sty"
Package: amsbsy 1999/11/29 v1.2d
\pmbraise@=\dimen129
)
("C:\Program Files\MiKTeX 2.9\tex\latex\amsmath\amsopn.sty"
Package: amsopn 1999/12/14 v2.01 operator names
)
\inf@bad=\count102
LaTeX Info: Redefining \frac on input line 210.
\uproot@=\count103
\leftroot@=\count104
LaTeX Info: Redefining \overline on input line 306.
\classnum@=\count105
\DOTSCASE@=\count106
LaTeX Info: Redefining \ldots on input line 378.
LaTeX Info: Redefining \dots on input line 381.
LaTeX Info: Redefining \cdots on input line 466.
\Mathstrutbox@=\box29
\strutbox@=\box30
\big@size=\dimen130
LaTeX Font Info:    Redeclaring font encoding OML on input line 566.
LaTeX Font Info:    Redeclaring font encoding OMS on input line 567.
\macc@depth=\count107
\c@MaxMatrixCols=\count108
\dotsspace@=\muskip10
\c@parentequation=\count109
\dspbrk@lvl=\count110
\tag@help=\toks18
\row@=\count111
\column@=\count112
\maxfields@=\count113
\andhelp@=\toks19
\eqnshift@=\dimen131
\alignsep@=\dimen132
\tagshift@=\dimen133
\tagwidth@=\dimen134
\totwidth@=\dimen135
\lineht@=\dimen136
\@envbody=\toks20
\multlinegap=\skip55
\multlinetaggap=\skip56
\mathdisplay@stack=\toks21
LaTeX Info: Redefining \[ on input line 2665.
LaTeX Info: Redefining \] on input line 2666.
)
("C:\Program Files\MiKTeX 2.9\tex\latex\amsfonts\amsfonts.sty"
Package: amsfonts 2013/01/14 v3.01 Basic AMSFonts support
\symAMSa=\mathgroup4
\symAMSb=\mathgroup5
LaTeX Font Info:    Overwriting math alphabet `\mathfrak' in version `bold'
(Font)                  U/euf/m/n --> U/euf/b/n on input line 106.
)
("C:\Program Files\MiKTeX 2.9\tex\latex\amscls\amsthm.sty"
Package: amsthm 2015/03/04 v2.20.2
\thm@style=\toks22
\thm@bodyfont=\toks23
\thm@headfont=\toks24
\thm@notefont=\toks25
\thm@headpunct=\toks26
\thm@preskip=\skip57
\thm@postskip=\skip58
\thm@headsep=\skip59
\dth@everypar=\toks27
)
("C:\Program Files\MiKTeX 2.9\tex\latex\amsfonts\amssymb.sty"
Package: amssymb 2013/01/14 v3.01 AMS font symbols
)
(C:\Users\Gina\AppData\Roaming\MiKTeX\2.9\tex\latex\caption\caption.sty
Package: caption 2016/02/21 v3.3-144 Customizing captions (AR)

(C:\Users\Gina\AppData\Roaming\MiKTeX\2.9\tex\latex\caption\caption3.sty
Package: caption3 2016/02/04 v1.7-139 caption3 kernel (AR)
Package caption3 Info: TeX engine: e-TeX on input line 67.
\captionmargin=\dimen137
\captionmargin@=\dimen138
\captionwidth=\dimen139
\caption@tempdima=\dimen140
\caption@indent=\dimen141
\caption@parindent=\dimen142
\caption@hangindent=\dimen143
)
\c@ContinuedFloat=\count114
Package caption Info: listings package is loaded.
)
("C:\Program Files\MiKTeX 2.9\tex\latex\float\float.sty"
Package: float 2001/11/08 v1.3d Float enhancements (AL)
\c@float@type=\count115
\float@exts=\toks28
\float@box=\box31
\@float@everytoks=\toks29
\@floatcapt=\box32
)
("C:\Program Files\MiKTeX 2.9\tex\latex\Subscripts\subscript.sty"
LaTeX Info: Redefining \textsubscript on input line 15.
)
(C:\Users\Gina\AppData\Roaming\MiKTeX\2.9\tex\latex\mathtools\empheq.sty
Package: empheq 2014/07/16 v2.14 Emphasizing equations

(C:\Users\Gina\AppData\Roaming\MiKTeX\2.9\tex\latex\mathtools\mhsetup.sty
Package: mhsetup 2010/01/21 v1.2a programming setup (MH)
)
(C:\Users\Gina\AppData\Roaming\MiKTeX\2.9\tex\latex\mathtools\mathtools.sty
Package: mathtools 2015/11/12 v1.18 mathematical typesetting tools

("C:\Program Files\MiKTeX 2.9\tex\latex\tools\calc.sty"
Package: calc 2014/10/28 v4.3 Infix arithmetic (KKT,FJ)
\calc@Acount=\count116
\calc@Bcount=\count117
\calc@Adimen=\dimen144
\calc@Bdimen=\dimen145
\calc@Askip=\skip60
\calc@Bskip=\skip61
LaTeX Info: Redefining \setlength on input line 80.
LaTeX Info: Redefining \addtolength on input line 81.
\calc@Ccount=\count118
\calc@Cskip=\skip62
)
LaTeX Info: Thecontrolsequence`\('isalreadyrobust on input line 129.
LaTeX Info: Thecontrolsequence`\)'isalreadyrobust on input line 129.
LaTeX Info: Thecontrolsequence`\['isalreadyrobust on input line 129.
LaTeX Info: Thecontrolsequence`\]'isalreadyrobust on input line 129.
\g_MT_multlinerow_int=\count119
\l_MT_multwidth_dim=\dimen146
\origjot=\skip63
\l_MT_shortvdotswithinadjustabove_dim=\dimen147
\l_MT_shortvdotswithinadjustbelow_dim=\dimen148
\l_MT_above_intertext_sep=\dimen149
\l_MT_below_intertext_sep=\dimen150
\l_MT_above_shortintertext_sep=\dimen151
\l_MT_below_shortintertext_sep=\dimen152
)
\l_EQ_equationtype_int=\count120
\l_EQ_alignmentmode_int=\count121
\l_EQ_totalwidth_dim=\dimen153
\l_EQ_displaywidth_dim=\dimen154
\l_EQ_temp_linewidth_dim=\dimen155
\EmphEqdelimitershortfall=\dimen156
\EmphEqdelimiterfactor=\count122
\g_EQ_toptag_height_dim=\dimen157
\g_EQ_bottomtag_depth_dim=\dimen158
\g_EQ_toprow_height_dim=\dimen159
\g_EQ_bottomrow_depth_dim=\dimen160
\g_EQ_widesttag_dim=\dimen161
\EQ_mathdisplay_box=\box33
\EQ_tag_box=\box34
\g_EQ_temprow_int=\count123
)
("C:\Program Files\MiKTeX 2.9\tex\latex\tools\verbatim.sty"
Package: verbatim 2014/10/28 v1.5q LaTeX2e package for verbatim enhancements
\every@verbatim=\toks30
\verbatim@line=\toks31
\verbatim@in@stream=\read1
)
(C:\Users\Gina\AppData\Roaming\MiKTeX\2.9\tex\latex\fancyvrb\fancyvrb.sty
Package: fancyvrb 2008/02/07

Style option: `fancyvrb' v2.7a, with DG/SPQR fixes, and firstline=lastline fix 
<2008/02/07> (tvz)
\FV@CodeLineNo=\count124
\FV@InFile=\read2
\FV@TabBox=\box35
\c@FancyVerbLine=\count125
\FV@StepNumber=\count126
\FV@OutFile=\write3
)
(C:\Users\Gina\AppData\Roaming\MiKTeX\2.9\tex\latex\datetime\datetime.sty
Package: datetime 2015/03/20 v2.60 Date Time Package

(C:\Users\Gina\AppData\Roaming\MiKTeX\2.9\tex\latex\etoolbox\etoolbox.sty
Package: etoolbox 2017/01/02 v2.4 e-TeX tools for LaTeX (JAW)
\etb@tempcnta=\count127
)
(C:\Users\Gina\AppData\Roaming\MiKTeX\2.9\tex\latex\fmtcount\fmtcount.sty
Package: fmtcount 2015/05/05 v3.01

("C:\Program Files\MiKTeX 2.9\tex\latex\base\ifthen.sty"
Package: ifthen 2014/09/29 v1.1c Standard LaTeX ifthen package (DPC)
)
("C:\Program Files\MiKTeX 2.9\tex\latex\xkeyval\xkeyval.sty"
Package: xkeyval 2014/12/03 v2.7a package option processing (HA)

("C:\Program Files\MiKTeX 2.9\tex\generic\xkeyval\xkeyval.tex"
("C:\Program Files\MiKTeX 2.9\tex\generic\xkeyval\xkvutils.tex"
\XKV@toks=\toks32
\XKV@tempa@toks=\toks33
)
\XKV@depth=\count128
File: xkeyval.tex 2014/12/03 v2.7a key=value parser (HA)
))
(C:\Users\Gina\AppData\Roaming\MiKTeX\2.9\tex\latex\fmtcount\fcprefix.sty
Package: fcprefix 2012/09/28

(C:\Users\Gina\AppData\Roaming\MiKTeX\2.9\tex\latex\fmtcount\fcnumparser.sty
Package: fcnumparser 2012/09/28
\fc@digit@counter=\count129
))
("C:\Program Files\MiKTeX 2.9\tex\generic\ifxetex\ifxetex.sty"
Package: ifxetex 2010/09/12 v0.6 Provides ifxetex conditional
)
\c@padzeroesN=\count130
\fc@tmpcatcode=\count131

(C:\Users\Gina\AppData\Roaming\MiKTeX\2.9\tex\latex\fmtcount\fc-english.def
File: fc-english.def 2013/08/17
)
\@DT@modctr=\count132
\@ordinalctr=\count133
\@orgargctr=\count134
\@strctr=\count135
\@tmpstrctr=\count136
\@DT@loopN=\count137
\@DT@X=\count138
)
(C:\Users\Gina\AppData\Roaming\MiKTeX\2.9\tex\latex\datetime\datetime-defaults.
sty
Package: datetime-defaults 2013/09/10
)
\@day=\count139
\@month=\count140
\@year=\count141
\c@HOUR=\count142
\c@HOURXII=\count143
\c@MINUTE=\count144
\c@TOHOUR=\count145
\c@TOMINUTE=\count146
\c@SECOND=\count147
\currenthour=\count148
\currentminute=\count149
\currentsecond=\count150
Package datetime Info: No datetime.cfg file found, using default settings on in
put line 308.
\@dtctr=\count151
\dayofyear=\count152
\dayofweek=\count153
LaTeX Info: Redefining \today on input line 736.
\dt@a=\toks34
\dt@b=\toks35
) ("C:\Program Files\MiKTeX 2.9\tex\latex\hyperref\hyperref.sty"
Package: hyperref 2012/11/06 v6.83m Hypertext links for LaTeX

("C:\Program Files\MiKTeX 2.9\tex\generic\oberdiek\hobsub-hyperref.sty"
Package: hobsub-hyperref 2012/04/25 v1.12 Bundle oberdiek, subset hyperref (HO)


("C:\Program Files\MiKTeX 2.9\tex\generic\oberdiek\hobsub-generic.sty"
Package: hobsub-generic 2012/04/25 v1.12 Bundle oberdiek, subset generic (HO)
Package: hobsub 2012/04/25 v1.12 Construct package bundles (HO)
Package hobsub Info: Skipping package `infwarerr' (already loaded).
Package hobsub Info: Skipping package `ltxcmds' (already loaded).
Package: ifluatex 2010/03/01 v1.3 Provides the ifluatex switch (HO)
Package ifluatex Info: LuaTeX not detected.
Package: ifvtex 2010/03/01 v1.5 Detect VTeX and its facilities (HO)
Package ifvtex Info: VTeX not detected.
Package: intcalc 2007/09/27 v1.1 Expandable calculations with integers (HO)
Package: ifpdf 2011/01/30 v2.3 Provides the ifpdf switch (HO)
Package ifpdf Info: pdfTeX in PDF mode is detected.
Package: etexcmds 2011/02/16 v1.5 Avoid name clashes with e-TeX commands (HO)
Package etexcmds Info: Could not find \expanded.
(etexcmds)             That can mean that you are not using pdfTeX 1.50 or
(etexcmds)             that some package has redefined \expanded.
(etexcmds)             In the latter case, load this package earlier.
Package: kvsetkeys 2012/04/25 v1.16 Key value parser (HO)
Package: kvdefinekeys 2011/04/07 v1.3 Define keys (HO)
Package: pdftexcmds 2011/11/29 v0.20 Utility functions of pdfTeX for LuaTeX (HO
)
Package pdftexcmds Info: LuaTeX not detected.
Package pdftexcmds Info: \pdf@primitive is available.
Package pdftexcmds Info: \pdf@ifprimitive is available.
Package pdftexcmds Info: \pdfdraftmode found.
Package: pdfescape 2011/11/25 v1.13 Implements pdfTeX's escape features (HO)
Package: bigintcalc 2012/04/08 v1.3 Expandable calculations on big integers (HO
)
Package: bitset 2011/01/30 v1.1 Handle bit-vector datatype (HO)
Package: uniquecounter 2011/01/30 v1.2 Provide unlimited unique counter (HO)
)
Package hobsub Info: Skipping package `hobsub' (already loaded).
Package: letltxmacro 2010/09/02 v1.4 Let assignment for LaTeX macros (HO)
Package: hopatch 2011/06/24 v1.1 Wrapper for package hooks (HO)
Package: xcolor-patch 2011/01/30 xcolor patch
Package: atveryend 2011/06/30 v1.8 Hooks at the very end of document (HO)
Package: atbegshi 2011/10/05 v1.16 At begin shipout hook (HO)
Package: refcount 2011/10/16 v3.4 Data extraction from label references (HO)
Package: hycolor 2011/01/30 v1.7 Color options for hyperref/bookmark (HO)
)
("C:\Program Files\MiKTeX 2.9\tex\latex\oberdiek\auxhook.sty"
Package: auxhook 2011/03/04 v1.3 Hooks for auxiliary files (HO)
)
("C:\Program Files\MiKTeX 2.9\tex\latex\oberdiek\kvoptions.sty"
Package: kvoptions 2011/06/30 v3.11 Key value format for package options (HO)
)
\@linkdim=\dimen162
\Hy@linkcounter=\count154
\Hy@pagecounter=\count155

("C:\Program Files\MiKTeX 2.9\tex\latex\hyperref\pd1enc.def"
File: pd1enc.def 2012/11/06 v6.83m Hyperref: PDFDocEncoding definition (HO)
)
\Hy@SavedSpaceFactor=\count156

("C:\Program Files\MiKTeX 2.9\tex\latex\00miktex\hyperref.cfg"
File: hyperref.cfg 2002/06/06 v1.2 hyperref configuration of TeXLive
)
Package hyperref Info: Hyper figures OFF on input line 4443.
Package hyperref Info: Link nesting OFF on input line 4448.
Package hyperref Info: Hyper index ON on input line 4451.
Package hyperref Info: Plain pages OFF on input line 4458.
Package hyperref Info: Backreferencing OFF on input line 4463.
Package hyperref Info: Implicit mode ON; LaTeX internals redefined.
Package hyperref Info: Bookmarks ON on input line 4688.
\c@Hy@tempcnt=\count157

(C:\Users\Gina\AppData\Roaming\MiKTeX\2.9\tex\latex\url\url.sty
\Urlmuskip=\muskip11
Package: url 2013/09/16  ver 3.4  Verb mode for urls, etc.
)
LaTeX Info: Redefining \url on input line 5041.
\XeTeXLinkMargin=\dimen163
\Fld@menulength=\count158
\Field@Width=\dimen164
\Fld@charsize=\dimen165
Package hyperref Info: Hyper figures OFF on input line 6295.
Package hyperref Info: Link nesting OFF on input line 6300.
Package hyperref Info: Hyper index ON on input line 6303.
Package hyperref Info: backreferencing OFF on input line 6310.
Package hyperref Info: Link coloring OFF on input line 6315.
Package hyperref Info: Link coloring with OCG OFF on input line 6320.
Package hyperref Info: PDF/A mode OFF on input line 6325.
LaTeX Info: Redefining \ref on input line 6365.
LaTeX Info: Redefining \pageref on input line 6369.
\Hy@abspage=\count159
\c@Item=\count160
\c@Hfootnote=\count161
)

Package hyperref Message: Driver (autodetected): hpdftex.

("C:\Program Files\MiKTeX 2.9\tex\latex\hyperref\hpdftex.def"
File: hpdftex.def 2012/11/06 v6.83m Hyperref driver for pdfTeX
\Fld@listcount=\count162
\c@bookmark@seq@number=\count163

("C:\Program Files\MiKTeX 2.9\tex\latex\oberdiek\rerunfilecheck.sty"
Package: rerunfilecheck 2011/04/15 v1.7 Rerun checks for auxiliary files (HO)
Package uniquecounter Info: New unique counter `rerunfilecheck' on input line 2
82.
)
\Hy@SectionHShift=\skip64
)
("C:\Program Files\MiKTeX 2.9\tex\latex\graphics\color.sty"
Package: color 2014/10/28 v1.1a Standard LaTeX Color (DPC)

("C:\Program Files\MiKTeX 2.9\tex\latex\00miktex\color.cfg"
File: color.cfg 2007/01/18 v1.5 color configuration of teTeX/TeXLive
)
Package color Info: Driver file: pdftex.def on input line 142.
)
Package hyperref Info: Option `bookmarksopen' set `true' on input line 106.
Package hyperref Info: Option `colorlinks' set `true' on input line 106.

(C:\Users\Gina\AppData\Roaming\MiKTeX\2.9\tex\latex\listings\lstlang1.sty
File: lstlang1.sty 2015/06/04 1.6 listings language file
)
\@indexfile=\write4
\openout4 = `homebook.idx'.


Writing index file homebook.idx

LaTeX Warning: Unused global option(s):
    [makeidx].

(homebook.aux)
\openout1 = `homebook.aux'.

LaTeX Font Info:    Checking defaults for OML/cmm/m/it on input line 146.
LaTeX Font Info:    ... okay on input line 146.
LaTeX Font Info:    Checking defaults for T1/cmr/m/n on input line 146.
LaTeX Font Info:    ... okay on input line 146.
LaTeX Font Info:    Checking defaults for OT1/cmr/m/n on input line 146.
LaTeX Font Info:    ... okay on input line 146.
LaTeX Font Info:    Checking defaults for OMS/cmsy/m/n on input line 146.
LaTeX Font Info:    ... okay on input line 146.
LaTeX Font Info:    Checking defaults for OMX/cmex/m/n on input line 146.
LaTeX Font Info:    ... okay on input line 146.
LaTeX Font Info:    Checking defaults for U/cmr/m/n on input line 146.
LaTeX Font Info:    ... okay on input line 146.
LaTeX Font Info:    Checking defaults for PD1/pdf/m/n on input line 146.
LaTeX Font Info:    ... okay on input line 146.
\c@lstlisting=\count164

(C:\Users\Gina\AppData\Roaming\MiKTeX\2.9\tex\context\base\supp-pdf.mkii
[Loading MPS to PDF converter (version 2006.09.02).]
\scratchcounter=\count165
\scratchdimen=\dimen166
\scratchbox=\box36
\nofMPsegments=\count166
\nofMParguments=\count167
\everyMPshowfont=\toks36
\MPscratchCnt=\count168
\MPscratchDim=\dimen167
\MPnumerator=\count169
\makeMPintoPDFobject=\count170
\everyMPtoPDFconversion=\toks37
)
Package caption Info: Begin \AtBeginDocument code.
Package caption Info: float package is loaded.
Package caption Info: hyperref package is loaded.
Package caption Info: End \AtBeginDocument code.
\AtBeginShipoutBox=\box37
Package hyperref Info: Link coloring ON on input line 146.
 ("C:\Program Files\MiKTeX 2.9\tex\latex\hyperref\nameref.sty"
Package: nameref 2012/10/27 v2.43 Cross-referencing by name of section

("C:\Program Files\MiKTeX 2.9\tex\generic\oberdiek\gettitlestring.sty"
Package: gettitlestring 2010/12/03 v1.4 Cleanup title references (HO)
)
\c@section@level=\count171
)
LaTeX Info: Redefining \ref on input line 146.
LaTeX Info: Redefining \pageref on input line 146.
LaTeX Info: Redefining \nameref on input line 146.

(homebook.out) (homebook.out)
\@outlinefile=\write5
\openout5 = `homebook.out'.

 <./logopoli.jpg, id=55, 573.8238pt x 565.1514pt>
File: ./logopoli.jpg Graphic file (type jpg)

<use ./logopoli.jpg>
Package pdftex.def Info: ./logopoli.jpg used on input line 152.
(pdftex.def)             Requested size: 85.35826pt x 84.06192pt.
 [1



{C:/Users/Gina/AppData/Local/MiKTeX/2.9/pdftex/config/pdftex.map} <./logopoli.j
pg>]

Package Fancyhdr Warning: \headheight is too small (12.0pt): 
 Make it at least 14.49998pt.
 We now make it that large for the rest of the document.
 This may cause the page layout to be inconsistent, however.

LaTeX Font Info:    Try loading font information for OMS+cmr on input line 216.

("C:\Program Files\MiKTeX 2.9\tex\latex\base\omscmr.fd"
File: omscmr.fd 2014/09/29 v2.5h Standard LaTeX font definitions
)
LaTeX Font Info:    Font shape `OMS/cmr/m/n' in size <12> not available
(Font)              Font shape `OMS/cmsy/m/n' tried instead on input line 216.
pdfTeX warning (ext4): destination with the same identifier (name{page.i}) has 
been already used, duplicate ignored
<to be read again> 
                   \relax 
l.216 \tableofcontents
                       [1] (homebook.toc
LaTeX Font Info:    Try loading font information for U+msa on input line 3.

("C:\Program Files\MiKTeX 2.9\tex\latex\amsfonts\umsa.fd"
File: umsa.fd 2013/01/14 v3.01 AMS symbols A
)
LaTeX Font Info:    Try loading font information for U+msb on input line 3.

("C:\Program Files\MiKTeX 2.9\tex\latex\amsfonts\umsb.fd"
File: umsb.fd 2013/01/14 v3.01 AMS symbols B
))
\tf@toc=\write6
\openout6 = `homebook.toc'.



Package Fancyhdr Warning: \fancyfoot's `E' option without twoside option is use
less on input line 218.


Package Fancyhdr Warning: \fancyfoot's `E' option without twoside option is use
less on input line 218.


Package Fancyhdr Warning: \headheight is too small (12.0pt): 
 Make it at least 14.49998pt.
 We now make it that large for the rest of the document.
 This may cause the page layout to be inconsistent, however.

[2

] (chapters/chap0.tex
Chapter 1.
) (chapters/c1.tex

Package Fancyhdr Warning: \fancyfoot's `E' option without twoside option is use
less on input line 1.


Package Fancyhdr Warning: \fancyfoot's `E' option without twoside option is use
less on input line 1.


Package Fancyhdr Warning: \headheight is too small (12.0pt): 
 Make it at least 14.49998pt.
 We now make it that large for the rest of the document.
 This may cause the page layout to be inconsistent, however.

[1


]
Chapter 2.

Underfull \hbox (badness 10000) in paragraph at lines 12--14

 []


Underfull \hbox (badness 10000) in paragraph at lines 15--18

 []


Package Fancyhdr Warning: \fancyfoot's `E' option without twoside option is use
less on input line 18.


Package Fancyhdr Warning: \fancyfoot's `E' option without twoside option is use
less on input line 18.


Package Fancyhdr Warning: \headheight is too small (12.0pt): 
 Make it at least 14.49998pt.
 We now make it that large for the rest of the document.
 This may cause the page layout to be inconsistent, however.

[2

] <chapters/figures/interface.pdf, id=108, 1341.01pt x 1488.56125pt>
File: chapters/figures/interface.pdf Graphic file (type pdf)

<use chapters/figures/interface.pdf>
Package pdftex.def Info: chapters/figures/interface.pdf used on input line 45.
(pdftex.def)             Requested size: 418.96547pt x 465.06068pt.


LaTeX Warning: `h' float specifier changed to `ht'.


Package Fancyhdr Warning: \headheight is too small (12.0pt): 
 Make it at least 14.49998pt.
 We now make it that large for the rest of the document.
 This may cause the page layout to be inconsistent, however.

[3]

Package Fancyhdr Warning: \headheight is too small (12.0pt): 
 Make it at least 14.49998pt.
 We now make it that large for the rest of the document.
 This may cause the page layout to be inconsistent, however.

[4 <./chapters/figures/interface.pdf>]
Underfull \hbox (badness 10000) in paragraph at lines 53--54

 []

) (chapters/c2.tex

Package Fancyhdr Warning: \headheight is too small (12.0pt): 
 Make it at least 14.49998pt.
 We now make it that large for the rest of the document.
 This may cause the page layout to be inconsistent, however.

[5

]
Chapter 3.

Underfull \hbox (badness 10000) in paragraph at lines 4--7

 []

<imm/ip_func/enable_ip.png, id=127, 520.97934pt x 607.54451pt>
File: imm/ip_func/enable_ip.png Graphic file (type png)

<use imm/ip_func/enable_ip.png>
Package pdftex.def Info: imm/ip_func/enable_ip.png used on input line 30.
(pdftex.def)             Requested size: 308.71104pt x 360.00557pt.


Package Fancyhdr Warning: \fancyfoot's `E' option without twoside option is use
less on input line 36.


Package Fancyhdr Warning: \fancyfoot's `E' option without twoside option is use
less on input line 36.


Package Fancyhdr Warning: \headheight is too small (12.0pt): 
 Make it at least 14.49998pt.
 We now make it that large for the rest of the document.
 This may cause the page layout to be inconsistent, however.

[6

]

Package Fancyhdr Warning: \headheight is too small (12.0pt): 
 Make it at least 14.49998pt.
 We now make it that large for the rest of the document.
 This may cause the page layout to be inconsistent, however.

[7 <./imm/ip_func/enable_ip.png>]
<imm/ip_func/x_switch22.png, id=151, 588.48428pt x 416.9423pt>
File: imm/ip_func/x_switch22.png Graphic file (type png)

<use imm/ip_func/x_switch22.png>
Package pdftex.def Info: imm/ip_func/x_switch22.png used on input line 62.
(pdftex.def)             Requested size: 374.86774pt x 265.5952pt.

<imm/ip_func/x_switch33.png, id=152, 588.48428pt x 425.67824pt>
File: imm/ip_func/x_switch33.png Graphic file (type png)

<use imm/ip_func/x_switch33.png>
Package pdftex.def Info: imm/ip_func/x_switch33.png used on input line 70.
(pdftex.def)             Requested size: 374.86774pt x 271.16005pt.


LaTeX Warning: `!h' float specifier changed to `!ht'.


Package Fancyhdr Warning: \headheight is too small (12.0pt): 
 Make it at least 14.49998pt.
 We now make it that large for the rest of the document.
 This may cause the page layout to be inconsistent, however.

[8

 <./imm/ip_func/x_switch22.png>]

Package Fancyhdr Warning: \headheight is too small (12.0pt): 
 Make it at least 14.49998pt.
 We now make it that large for the rest of the document.
 This may cause the page layout to be inconsistent, however.

[9 <./imm/ip_func/x_switch33.png>]
Underfull \hbox (badness 10000) in paragraph at lines 77--81

 []

<imm/ip_func/interrupt.png, id=165, 545.69087pt x 548.83304pt>
File: imm/ip_func/interrupt.png Graphic file (type png)

<use imm/ip_func/interrupt.png>
Package pdftex.def Info: imm/ip_func/interrupt.png used on input line 84.
(pdftex.def)             Requested size: 374.86774pt x 377.0203pt.

<imm/ip_func/int_vector.png, id=166, 536.30362pt x 197.23688pt>
File: imm/ip_func/int_vector.png Graphic file (type png)

<use imm/ip_func/int_vector.png>
Package pdftex.def Info: imm/ip_func/int_vector.png used on input line 93.
(pdftex.def)             Requested size: 374.86774pt x 137.86923pt.


Package Fancyhdr Warning: \headheight is too small (12.0pt): 
 Make it at least 14.49998pt.
 We now make it that large for the rest of the document.
 This may cause the page layout to be inconsistent, however.

[10

 <./imm/ip_func/interrupt.png>]) (chapters/c4.tex

Package Fancyhdr Warning: \headheight is too small (12.0pt): 
 Make it at least 14.49998pt.
 We now make it that large for the rest of the document.
 This may cause the page layout to be inconsistent, however.

[11 <./imm/ip_func/int_vector.png>]
Chapter 4.
)
Package atveryend Info: Empty hook `BeforeClearDocument' on input line 241.


Package Fancyhdr Warning: \fancyfoot's `E' option without twoside option is use
less on input line 241.


Package Fancyhdr Warning: \fancyfoot's `E' option without twoside option is use
less on input line 241.


Package Fancyhdr Warning: \headheight is too small (12.0pt): 
 Make it at least 14.49998pt.
 We now make it that large for the rest of the document.
 This may cause the page layout to be inconsistent, however.

[12

]
Package atveryend Info: Empty hook `AfterLastShipout' on input line 241.
 (homebook.aux)
Package atveryend Info: Executing hook `AtVeryEndDocument' on input line 241.
Package atveryend Info: Executing hook `AtEndAfterFileList' on input line 241.
Package rerunfilecheck Info: File `homebook.out' has not changed.
(rerunfilecheck)             Checksum: A676B4C386EF351298A5891653A9E198;833.
 ) 
Here is how much of TeX's memory you used:
 11716 strings out of 493634
 173757 string characters out of 3143748
 332285 words of memory out of 3000000
 14854 multiletter control sequences out of 15000+200000
 12441 words of font info for 46 fonts, out of 3000000 for 9000
 1025 hyphenation exceptions out of 8191
 38i,15n,77p,1014b,1114s stack positions out of 5000i,500n,10000p,200000b,50000s
<C:/Program Files/MiKTeX 2.9/fonts/type1/public/amsfonts/cm/cmbx12.pfb><C:/Pr
ogram Files/MiKTeX 2.9/fonts/type1/public/amsfonts/cm/cmmi12.pfb><C:/Program Fi
les/MiKTeX 2.9/fonts/type1/public/amsfonts/cm/cmmi8.pfb><C:/Program Files/MiKTe
X 2.9/fonts/type1/public/amsfonts/cm/cmr12.pfb><C:/Program Files/MiKTeX 2.9/fon
ts/type1/public/amsfonts/cm/cmr17.pfb><C:/Program Files/MiKTeX 2.9/fonts/type1/
public/amsfonts/cm/cmr6.pfb><C:/Program Files/MiKTeX 2.9/fonts/type1/public/ams
fonts/cm/cmr8.pfb><C:/Program Files/MiKTeX 2.9/fonts/type1/public/amsfonts/cm/c
mss17.pfb><C:/Program Files/MiKTeX 2.9/fonts/type1/public/amsfonts/cm/cmsy10.pf
b><C:/Program Files/MiKTeX 2.9/fonts/type1/public/amsfonts/cm/cmsy8.pfb><C:/Pro
gram Files/MiKTeX 2.9/fonts/type1/public/amsfonts/cm/cmti12.pfb><C:/Program Fil
es/MiKTeX 2.9/fonts/type1/public/amsfonts/cm/cmtt10.pfb>
Output written on homebook.pdf (15 pages, 713601 bytes).
PDF statistics:
 236 PDF objects out of 1000 (max. 8388607)
 48 named destinations out of 1000 (max. 500000)
 140 words of extra memory for PDF output out of 10000 (max. 10000000)

